Executable not found: 'easyeffects-gapplication-service'
CRITICAL: [dbus_cb_name_lost:1402] Cannot acquire 'org.freedesktop.Notifications': Name is acquired by 'dunst' with PID '1223'.
Warning: Zero outputs support gamma adjustment.
Warning: 2/2 output(s) do not support gamma adjustment.
IDLE INHIBITED
New PolkitAgentListener  0x6142556d23b0
Adding new listener  PolkitQt1::Agent::Listener(0x6142556cccb0) for  0x6142556d23b0
Listener online
[2025-05-23 08:54:21.945] [info] Using configuration file /home/digo/.config/waybar/config.jsonc
Authentication agent result: true
[start] 2025/05/23 08:54:21 INFO: syncthing v1.29.6 "Gold Grasshopper" (go1.24.3 linux-amd64) syncthing@archlinux 2025-05-15 09:30:00 UTC [noupgrade]
[start] 2025/05/23 08:54:21 WARNING: Failed to acquire lock: is another Syncthing instance already running?
[2025-05-23 08:54:21.958] [info] Using CSS file /home/digo/.config/waybar/style.css
[monitor] 2025/05/23 08:54:21 INFO: Syncthing exited: exit status 1
[2025-05-23 08:54:22.069] [info] Bar configured (width: 1280, height: 26) for output: HDMI-A-1
[2025-05-23 08:54:22.069] [info] Bar configured (width: 768, height: 26) for output: VGA-1
[start] 2025/05/23 08:54:22 INFO: syncthing v1.29.6 "Gold Grasshopper" (go1.24.3 linux-amd64) syncthing@archlinux 2025-05-15 09:30:00 UTC [noupgrade]
[start] 2025/05/23 08:54:22 WARNING: Failed to acquire lock: is another Syncthing instance already running?
[monitor] 2025/05/23 08:54:22 INFO: Syncthing exited: exit status 1
[start] 2025/05/23 08:54:23 INFO: syncthing v1.29.6 "Gold Grasshopper" (go1.24.3 linux-amd64) syncthing@archlinux 2025-05-15 09:30:00 UTC [noupgrade]
[start] 2025/05/23 08:54:23 WARNING: Failed to acquire lock: is another Syncthing instance already running?
[monitor] 2025/05/23 08:54:23 INFO: Syncthing exited: exit status 1
[start] 2025/05/23 08:54:24 INFO: syncthing v1.29.6 "Gold Grasshopper" (go1.24.3 linux-amd64) syncthing@archlinux 2025-05-15 09:30:00 UTC [noupgrade]
[start] 2025/05/23 08:54:25 WARNING: Failed to acquire lock: is another Syncthing instance already running?
[monitor] 2025/05/23 08:54:25 INFO: Syncthing exited: exit status 1
[monitor] 2025/05/23 08:54:26 WARNING: 4 restarts in 4.066204609s; not retrying further
Warning: Zero outputs support gamma adjustment.
Warning: 2/2 output(s) do not support gamma adjustment.
Destroying listener
Removing listener  PolkitQt1::Agent::Listener(0x6142556cccb0)
IDLE INHIBITED
[start] 2025/05/23 08:54:51 INFO: syncthing v1.29.6 "Gold Grasshopper" (go1.24.3 linux-amd64) syncthing@archlinux 2025-05-15 09:30:00 UTC [noupgrade]
New PolkitAgentListener  0x602e0ac0e930
Adding new listener  PolkitQt1::Agent::Listener(0x602e0ac0e830) for  0x602e0ac0e930
Listener online
[start] 2025/05/23 08:54:51 WARNING: Failed to acquire lock: is another Syncthing instance already running?
[monitor] 2025/05/23 08:54:51 INFO: Syncthing exited: exit status 1
Authentication agent result: true
CRITICAL: [dbus_cb_name_lost:1402] Cannot acquire 'org.freedesktop.Notifications': Name is acquired by 'dunst' with PID '1223'.
[2025-05-23 08:54:51.916] [info] Using configuration file /home/digo/.config/waybar/config.jsonc
[2025-05-23 08:54:51.919] [info] Using CSS file /home/digo/.config/waybar/style.css
[2025-05-23 08:54:52.049] [info] Bar configured (width: 1280, height: 26) for output: HDMI-A-1
[2025-05-23 08:54:52.050] [info] Bar configured (width: 768, height: 26) for output: VGA-1
[W][08:54:52.115378] pw.conf      | [          conf.c: 1204 pw_conf_load_conf_for_context()] setting config.name to client-rt.conf is deprecated, using client.conf
[start] 2025/05/23 08:54:52 INFO: syncthing v1.29.6 "Gold Grasshopper" (go1.24.3 linux-amd64) syncthing@archlinux 2025-05-15 09:30:00 UTC [noupgrade]
[start] 2025/05/23 08:54:52 WARNING: Failed to acquire lock: is another Syncthing instance already running?
[monitor] 2025/05/23 08:54:52 INFO: Syncthing exited: exit status 1
[start] 2025/05/23 08:54:53 INFO: syncthing v1.29.6 "Gold Grasshopper" (go1.24.3 linux-amd64) syncthing@archlinux 2025-05-15 09:30:00 UTC [noupgrade]
[start] 2025/05/23 08:54:53 WARNING: Failed to acquire lock: is another Syncthing instance already running?
[monitor] 2025/05/23 08:54:53 INFO: Syncthing exited: exit status 1
[start] 2025/05/23 08:54:54 INFO: syncthing v1.29.6 "Gold Grasshopper" (go1.24.3 linux-amd64) syncthing@archlinux 2025-05-15 09:30:00 UTC [noupgrade]
[start] 2025/05/23 08:54:54 WARNING: Failed to acquire lock: is another Syncthing instance already running?
[monitor] 2025/05/23 08:54:54 INFO: Syncthing exited: exit status 1
[monitor] 2025/05/23 08:54:55 WARNING: 4 restarts in 4.086400308s; not retrying further
MESA-INTEL: warning: Ivy Bridge Vulkan support is incomplete
MESA-INTEL: warning: ../mesa-25.1.1/src/intel/vulkan_hasvk/anv_formats.c:759: FINISHME: support YUV colorspace with DRM format modifiers
MESA-INTEL: warning: ../mesa-25.1.1/src/intel/vulkan_hasvk/anv_formats.c:790: FINISHME: support more multi-planar formats with DRM modifiers

(easyeffects:1278737): Gtk-WARNING **: 08:57:18.496: No IM module matching GTK_IM_MODULE=cedilla found
IDLE INHIBITED
IDLE INHIBITED
IDLE INHIBITED
IDLE INHIBITED
NOT IDLE INHIBITED
NOT IDLE INHIBITED
NOT IDLE INHIBITED
NOT IDLE INHIBITED
NOT IDLE INHIBITED
NOT IDLE INHIBITED
NOT IDLE INHIBITED
NOT IDLE INHIBITED
NOT IDLE INHIBITED
NOT IDLE INHIBITED
NOT IDLE INHIBITED
NOT IDLE INHIBITED
IDLE INHIBITED
IDLE INHIBITED
IDLE INHIBITED
IDLE INHIBITED
IDLE INHIBITED
IDLE INHIBITED
IDLE INHIBITED
IDLE INHIBITED
IDLE INHIBITED
IDLE INHIBITED
IDLE INHIBITED
IDLE INHIBITED
IDLE INHIBITED
IDLE INHIBITED
IDLE INHIBITED
IDLE INHIBITED
IDLE INHIBITED
NOT IDLE INHIBITED
NOT IDLE INHIBITED
NOT IDLE INHIBITED
NOT IDLE INHIBITED
NOT IDLE INHIBITED
NOT IDLE INHIBITED
NOT IDLE INHIBITED
NOT IDLE INHIBITED
NOT IDLE INHIBITED
NOT IDLE INHIBITED
NOT IDLE INHIBITED
NOT IDLE INHIBITED
IDLE INHIBITED
IDLE INHIBITED
IDLE INHIBITED
NOT IDLE INHIBITED
NOT IDLE INHIBITED
NOT IDLE INHIBITED
NOT IDLE INHIBITED
NOT IDLE INHIBITED
NOT IDLE INHIBITED
NOT IDLE INHIBITED
NOT IDLE INHIBITED
NOT IDLE INHIBITED
NOT IDLE INHIBITED
IDLE INHIBITED
IDLE INHIBITED
IDLE INHIBITED
IDLE INHIBITED
IDLE INHIBITED
IDLE INHIBITED
NOT IDLE INHIBITED
NOT IDLE INHIBITED
NOT IDLE INHIBITED
NOT IDLE INHIBITED
NOT IDLE INHIBITED
NOT IDLE INHIBITED
NOT IDLE INHIBITED
NOT IDLE INHIBITED
NOT IDLE INHIBITED
NOT IDLE INHIBITED
IDLE INHIBITED
IDLE INHIBITED
IDLE INHIBITED
IDLE INHIBITED
IDLE INHIBITED
IDLE INHIBITED
IDLE INHIBITED
IDLE INHIBITED
IDLE INHIBITED
IDLE INHIBITED
IDLE INHIBITED
IDLE INHIBITED
IDLE INHIBITED
IDLE INHIBITED
IDLE INHIBITED
IDLE INHIBITED
IDLE INHIBITED
IDLE INHIBITED
IDLE INHIBITED
IDLE INHIBITED
IDLE INHIBITED
IDLE INHIBITED
IDLE INHIBITED
IDLE INHIBITED
IDLE INHIBITED
IDLE INHIBITED
IDLE INHIBITED
IDLE INHIBITED
IDLE INHIBITED
IDLE INHIBITED
IDLE INHIBITED
IDLE INHIBITED
IDLE INHIBITED
IDLE INHIBITED
IDLE INHIBITED
IDLE INHIBITED
IDLE INHIBITED
IDLE INHIBITED
IDLE INHIBITED
IDLE INHIBITED
IDLE INHIBITED
IDLE INHIBITED
IDLE INHIBITED
IDLE INHIBITED
IDLE INHIBITED
IDLE INHIBITED
IDLE INHIBITED
IDLE INHIBITED
IDLE INHIBITED
IDLE INHIBITED
IDLE INHIBITED
IDLE INHIBITED
IDLE INHIBITED
IDLE INHIBITED
IDLE INHIBITED
IDLE INHIBITED
IDLE INHIBITED
IDLE INHIBITED
IDLE INHIBITED
IDLE INHIBITED
IDLE INHIBITED
IDLE INHIBITED
IDLE INHIBITED
IDLE INHIBITED
IDLE INHIBITED
IDLE INHIBITED
IDLE INHIBITED
IDLE INHIBITED
IDLE INHIBITED
IDLE INHIBITED
IDLE INHIBITED
IDLE INHIBITED
IDLE INHIBITED
IDLE INHIBITED
IDLE INHIBITED
IDLE INHIBITED
IDLE INHIBITED
IDLE INHIBITED
IDLE INHIBITED
IDLE INHIBITED
IDLE INHIBITED
IDLE INHIBITED
IDLE INHIBITED
IDLE INHIBITED
IDLE INHIBITED
IDLE INHIBITED
IDLE INHIBITED
IDLE INHIBITED
IDLE INHIBITED
IDLE INHIBITED
IDLE INHIBITED
IDLE INHIBITED
IDLE INHIBITED
IDLE INHIBITED
IDLE INHIBITED
IDLE INHIBITED
NOT IDLE INHIBITED
NOT IDLE INHIBITED
NOT IDLE INHIBITED
NOT IDLE INHIBITED
NOT IDLE INHIBITED
NOT IDLE INHIBITED
NOT IDLE INHIBITED
NOT IDLE INHIBITED
NOT IDLE INHIBITED
NOT IDLE INHIBITED
NOT IDLE INHIBITED
NOT IDLE INHIBITED
IDLE INHIBITED
IDLE INHIBITED
IDLE INHIBITED
IDLE INHIBITED
IDLE INHIBITED
IDLE INHIBITED
IDLE INHIBITED
IDLE INHIBITED
IDLE INHIBITED
IDLE INHIBITED
IDLE INHIBITED
IDLE INHIBITED
IDLE INHIBITED
IDLE INHIBITED
IDLE INHIBITED
IDLE INHIBITED
IDLE INHIBITED
IDLE INHIBITED
NOT IDLE INHIBITED
NOT IDLE INHIBITED
NOT IDLE INHIBITED
NOT IDLE INHIBITED
NOT IDLE INHIBITED
NOT IDLE INHIBITED
NOT IDLE INHIBITED
NOT IDLE INHIBITED
NOT IDLE INHIBITED
NOT IDLE INHIBITED
IDLE INHIBITED
IDLE INHIBITED
IDLE INHIBITED
IDLE INHIBITED
IDLE INHIBITED
IDLE INHIBITED
IDLE INHIBITED
IDLE INHIBITED
IDLE INHIBITED
IDLE INHIBITED
NOT IDLE INHIBITED
NOT IDLE INHIBITED
NOT IDLE INHIBITED
NOT IDLE INHIBITED
NOT IDLE INHIBITED
NOT IDLE INHIBITED
NOT IDLE INHIBITED
NOT IDLE INHIBITED
NOT IDLE INHIBITED
NOT IDLE INHIBITED
NOT IDLE INHIBITED
NOT IDLE INHIBITED
NOT IDLE INHIBITED
NOT IDLE INHIBITED
IDLE INHIBITED
IDLE INHIBITED
NOT IDLE INHIBITED
NOT IDLE INHIBITED
NOT IDLE INHIBITED
NOT IDLE INHIBITED
NOT IDLE INHIBITED
NOT IDLE INHIBITED
NOT IDLE INHIBITED
NOT IDLE INHIBITED
NOT IDLE INHIBITED
NOT IDLE INHIBITED
NOT IDLE INHIBITED
NOT IDLE INHIBITED
IDLE INHIBITED
IDLE INHIBITED
NOT IDLE INHIBITED
NOT IDLE INHIBITED
NOT IDLE INHIBITED
NOT IDLE INHIBITED
NOT IDLE INHIBITED
NOT IDLE INHIBITED
NOT IDLE INHIBITED
NOT IDLE INHIBITED
NOT IDLE INHIBITED
NOT IDLE INHIBITED
IDLE INHIBITED
IDLE INHIBITED
NOT IDLE INHIBITED
NOT IDLE INHIBITED
NOT IDLE INHIBITED
NOT IDLE INHIBITED
NOT IDLE INHIBITED
NOT IDLE INHIBITED
NOT IDLE INHIBITED
NOT IDLE INHIBITED
NOT IDLE INHIBITED
NOT IDLE INHIBITED
NOT IDLE INHIBITED
NOT IDLE INHIBITED
IDLE INHIBITED
IDLE INHIBITED
NOT IDLE INHIBITED
NOT IDLE INHIBITED
NOT IDLE INHIBITED
NOT IDLE INHIBITED
NOT IDLE INHIBITED
NOT IDLE INHIBITED
NOT IDLE INHIBITED
NOT IDLE INHIBITED
NOT IDLE INHIBITED
NOT IDLE INHIBITED
NOT IDLE INHIBITED
NOT IDLE INHIBITED
NOT IDLE INHIBITED
NOT IDLE INHIBITED
IDLE INHIBITED
IDLE INHIBITED
IDLE INHIBITED
IDLE INHIBITED
IDLE INHIBITED
IDLE INHIBITED
NOT IDLE INHIBITED
NOT IDLE INHIBITED
NOT IDLE INHIBITED
NOT IDLE INHIBITED
NOT IDLE INHIBITED
NOT IDLE INHIBITED
NOT IDLE INHIBITED
NOT IDLE INHIBITED
NOT IDLE INHIBITED
NOT IDLE INHIBITED
NOT IDLE INHIBITED
NOT IDLE INHIBITED
IDLE INHIBITED
IDLE INHIBITED
IDLE INHIBITED
IDLE INHIBITED
IDLE INHIBITED
IDLE INHIBITED
IDLE INHIBITED
IDLE INHIBITED
IDLE INHIBITED
IDLE INHIBITED
IDLE INHIBITED
IDLE INHIBITED
IDLE INHIBITED
IDLE INHIBITED
IDLE INHIBITED
IDLE INHIBITED
IDLE INHIBITED
IDLE INHIBITED
IDLE INHIBITED
IDLE INHIBITED
IDLE INHIBITED
IDLE INHIBITED
IDLE INHIBITED
IDLE INHIBITED
IDLE INHIBITED
IDLE INHIBITED
IDLE INHIBITED
IDLE INHIBITED
IDLE INHIBITED
IDLE INHIBITED
IDLE INHIBITED
IDLE INHIBITED
IDLE INHIBITED
IDLE INHIBITED
IDLE INHIBITED
IDLE INHIBITED
IDLE INHIBITED
IDLE INHIBITED
IDLE INHIBITED
IDLE INHIBITED
IDLE INHIBITED
IDLE INHIBITED
IDLE INHIBITED
IDLE INHIBITED
IDLE INHIBITED
IDLE INHIBITED
IDLE INHIBITED
IDLE INHIBITED
IDLE INHIBITED
IDLE INHIBITED
IDLE INHIBITED
IDLE INHIBITED
IDLE INHIBITED
IDLE INHIBITED
IDLE INHIBITED
IDLE INHIBITED
IDLE INHIBITED
IDLE INHIBITED
IDLE INHIBITED
IDLE INHIBITED
IDLE INHIBITED
IDLE INHIBITED
IDLE INHIBITED
IDLE INHIBITED
IDLE INHIBITED
IDLE INHIBITED
IDLE INHIBITED
IDLE INHIBITED
IDLE INHIBITED
IDLE INHIBITED
IDLE INHIBITED
IDLE INHIBITED
IDLE INHIBITED
IDLE INHIBITED
IDLE INHIBITED
IDLE INHIBITED
IDLE INHIBITED
IDLE INHIBITED
IDLE INHIBITED
IDLE INHIBITED
IDLE INHIBITED
IDLE INHIBITED
IDLE INHIBITED
IDLE INHIBITED
IDLE INHIBITED
IDLE INHIBITED
IDLE INHIBITED
IDLE INHIBITED
IDLE INHIBITED
IDLE INHIBITED
IDLE INHIBITED
IDLE INHIBITED
IDLE INHIBITED
IDLE INHIBITED
IDLE INHIBITED
IDLE INHIBITED
IDLE INHIBITED
IDLE INHIBITED
IDLE INHIBITED
IDLE INHIBITED
IDLE INHIBITED
IDLE INHIBITED
IDLE INHIBITED
IDLE INHIBITED
IDLE INHIBITED
IDLE INHIBITED
IDLE INHIBITED
IDLE INHIBITED
IDLE INHIBITED
IDLE INHIBITED
IDLE INHIBITED
IDLE INHIBITED
IDLE INHIBITED
IDLE INHIBITED
IDLE INHIBITED
IDLE INHIBITED
IDLE INHIBITED
IDLE INHIBITED
IDLE INHIBITED
IDLE INHIBITED
IDLE INHIBITED
IDLE INHIBITED
IDLE INHIBITED
IDLE INHIBITED
IDLE INHIBITED
IDLE INHIBITED
IDLE INHIBITED
IDLE INHIBITED
IDLE INHIBITED
IDLE INHIBITED
IDLE INHIBITED
IDLE INHIBITED
IDLE INHIBITED
IDLE INHIBITED
IDLE INHIBITED
IDLE INHIBITED
IDLE INHIBITED
IDLE INHIBITED
IDLE INHIBITED
IDLE INHIBITED
IDLE INHIBITED
IDLE INHIBITED
IDLE INHIBITED
IDLE INHIBITED
IDLE INHIBITED
IDLE INHIBITED
IDLE INHIBITED
IDLE INHIBITED
IDLE INHIBITED
IDLE INHIBITED
IDLE INHIBITED
IDLE INHIBITED
IDLE INHIBITED
IDLE INHIBITED
IDLE INHIBITED
IDLE INHIBITED
IDLE INHIBITED
IDLE INHIBITED
IDLE INHIBITED
IDLE INHIBITED
IDLE INHIBITED
IDLE INHIBITED
IDLE INHIBITED
IDLE INHIBITED
IDLE INHIBITED
IDLE INHIBITED
IDLE INHIBITED
IDLE INHIBITED
IDLE INHIBITED
IDLE INHIBITED
IDLE INHIBITED
IDLE INHIBITED
IDLE INHIBITED
IDLE INHIBITED
IDLE INHIBITED
IDLE INHIBITED
IDLE INHIBITED
IDLE INHIBITED
IDLE INHIBITED
IDLE INHIBITED
IDLE INHIBITED
IDLE INHIBITED
IDLE INHIBITED
IDLE INHIBITED
IDLE INHIBITED
IDLE INHIBITED
IDLE INHIBITED
IDLE INHIBITED
IDLE INHIBITED
IDLE INHIBITED
IDLE INHIBITED
IDLE INHIBITED
IDLE INHIBITED
IDLE INHIBITED
IDLE INHIBITED
IDLE INHIBITED
IDLE INHIBITED
IDLE INHIBITED
IDLE INHIBITED
IDLE INHIBITED
IDLE INHIBITED
IDLE INHIBITED
IDLE INHIBITED
IDLE INHIBITED
IDLE INHIBITED
IDLE INHIBITED
IDLE INHIBITED
IDLE INHIBITED
IDLE INHIBITED
IDLE INHIBITED
IDLE INHIBITED
IDLE INHIBITED
IDLE INHIBITED
IDLE INHIBITED
IDLE INHIBITED
IDLE INHIBITED
IDLE INHIBITED
IDLE INHIBITED
IDLE INHIBITED
IDLE INHIBITED
IDLE INHIBITED
IDLE INHIBITED
IDLE INHIBITED
IDLE INHIBITED
IDLE INHIBITED
IDLE INHIBITED
IDLE INHIBITED
IDLE INHIBITED
IDLE INHIBITED
IDLE INHIBITED
IDLE INHIBITED
IDLE INHIBITED
IDLE INHIBITED
IDLE INHIBITED
IDLE INHIBITED
IDLE INHIBITED
IDLE INHIBITED
IDLE INHIBITED
IDLE INHIBITED
IDLE INHIBITED
IDLE INHIBITED
IDLE INHIBITED
IDLE INHIBITED
IDLE INHIBITED
IDLE INHIBITED
IDLE INHIBITED
IDLE INHIBITED
IDLE INHIBITED
IDLE INHIBITED
IDLE INHIBITED
IDLE INHIBITED
IDLE INHIBITED
IDLE INHIBITED
IDLE INHIBITED
IDLE INHIBITED
IDLE INHIBITED
IDLE INHIBITED
IDLE INHIBITED
IDLE INHIBITED
IDLE INHIBITED
IDLE INHIBITED
IDLE INHIBITED
IDLE INHIBITED
IDLE INHIBITED
IDLE INHIBITED
IDLE INHIBITED
NOT IDLE INHIBITED
NOT IDLE INHIBITED
NOT IDLE INHIBITED
NOT IDLE INHIBITED
NOT IDLE INHIBITED
NOT IDLE INHIBITED
NOT IDLE INHIBITED
NOT IDLE INHIBITED
NOT IDLE INHIBITED
NOT IDLE INHIBITED
NOT IDLE INHIBITED
NOT IDLE INHIBITED
IDLE INHIBITED
IDLE INHIBITED
NOT IDLE INHIBITED
NOT IDLE INHIBITED
IDLE INHIBITED
IDLE INHIBITED
NOT IDLE INHIBITED
NOT IDLE INHIBITED
NOT IDLE INHIBITED
NOT IDLE INHIBITED
NOT IDLE INHIBITED
NOT IDLE INHIBITED
NOT IDLE INHIBITED
NOT IDLE INHIBITED
NOT IDLE INHIBITED
NOT IDLE INHIBITED
NOT IDLE INHIBITED
NOT IDLE INHIBITED
IDLE INHIBITED
IDLE INHIBITED
IDLE INHIBITED
IDLE INHIBITED
IDLE INHIBITED
IDLE INHIBITED
IDLE INHIBITED
IDLE INHIBITED
IDLE INHIBITED
IDLE INHIBITED
IDLE INHIBITED
IDLE INHIBITED
IDLE INHIBITED
IDLE INHIBITED
IDLE INHIBITED
IDLE INHIBITED
IDLE INHIBITED
IDLE INHIBITED
IDLE INHIBITED
IDLE INHIBITED
IDLE INHIBITED
IDLE INHIBITED
IDLE INHIBITED
IDLE INHIBITED
IDLE INHIBITED
IDLE INHIBITED
IDLE INHIBITED
IDLE INHIBITED
IDLE INHIBITED
IDLE INHIBITED
IDLE INHIBITED
IDLE INHIBITED
IDLE INHIBITED
IDLE INHIBITED
IDLE INHIBITED
IDLE INHIBITED
IDLE INHIBITED
IDLE INHIBITED
IDLE INHIBITED
IDLE INHIBITED
IDLE INHIBITED
IDLE INHIBITED
IDLE INHIBITED
IDLE INHIBITED
IDLE INHIBITED
IDLE INHIBITED
IDLE INHIBITED
IDLE INHIBITED
IDLE INHIBITED
IDLE INHIBITED
IDLE INHIBITED
IDLE INHIBITED
IDLE INHIBITED
IDLE INHIBITED
IDLE INHIBITED
IDLE INHIBITED
IDLE INHIBITED
IDLE INHIBITED
IDLE INHIBITED
IDLE INHIBITED
IDLE INHIBITED
IDLE INHIBITED
IDLE INHIBITED
IDLE INHIBITED
IDLE INHIBITED
IDLE INHIBITED
IDLE INHIBITED
IDLE INHIBITED
IDLE INHIBITED
IDLE INHIBITED
IDLE INHIBITED
IDLE INHIBITED
IDLE INHIBITED
IDLE INHIBITED
IDLE INHIBITED
IDLE INHIBITED
IDLE INHIBITED
IDLE INHIBITED
IDLE INHIBITED
IDLE INHIBITED
IDLE INHIBITED
IDLE INHIBITED
IDLE INHIBITED
IDLE INHIBITED
IDLE INHIBITED
IDLE INHIBITED
IDLE INHIBITED
IDLE INHIBITED
IDLE INHIBITED
IDLE INHIBITED
IDLE INHIBITED
IDLE INHIBITED
IDLE INHIBITED
IDLE INHIBITED
IDLE INHIBITED
IDLE INHIBITED
IDLE INHIBITED
IDLE INHIBITED
IDLE INHIBITED
IDLE INHIBITED
IDLE INHIBITED
IDLE INHIBITED
IDLE INHIBITED
IDLE INHIBITED
IDLE INHIBITED
IDLE INHIBITED
IDLE INHIBITED
IDLE INHIBITED
IDLE INHIBITED
IDLE INHIBITED
IDLE INHIBITED
IDLE INHIBITED
IDLE INHIBITED
IDLE INHIBITED
IDLE INHIBITED
IDLE INHIBITED
IDLE INHIBITED
IDLE INHIBITED
IDLE INHIBITED
IDLE INHIBITED
IDLE INHIBITED
IDLE INHIBITED
IDLE INHIBITED
IDLE INHIBITED
IDLE INHIBITED
IDLE INHIBITED
IDLE INHIBITED
IDLE INHIBITED
IDLE INHIBITED
IDLE INHIBITED
IDLE INHIBITED
IDLE INHIBITED
IDLE INHIBITED
IDLE INHIBITED
IDLE INHIBITED
IDLE INHIBITED
IDLE INHIBITED
IDLE INHIBITED
IDLE INHIBITED
IDLE INHIBITED
IDLE INHIBITED
IDLE INHIBITED
IDLE INHIBITED
IDLE INHIBITED
IDLE INHIBITED
IDLE INHIBITED
IDLE INHIBITED
IDLE INHIBITED
IDLE INHIBITED

(easyeffects:1278737): easyeffects-WARNING **: 15:03:34.094: 	pipe_manager.cpp:1511	Remote error res: No such file or directory

(easyeffects:1278737): easyeffects-WARNING **: 15:03:34.094: 	pipe_manager.cpp:1512	Remote error message: unknown resource 157 op:2

(easyeffects:1278737): easyeffects-WARNING **: 15:03:34.094: 	pipe_manager.cpp:1511	Remote error res: No such file or directory

(easyeffects:1278737): easyeffects-WARNING **: 15:03:34.094: 	pipe_manager.cpp:1512	Remote error message: unknown resource 157 op:2

(easyeffects:1278737): easyeffects-WARNING **: 15:03:34.094: 	pipe_manager.cpp:1511	Remote error res: No such file or directory

(easyeffects:1278737): easyeffects-WARNING **: 15:03:34.094: 	pipe_manager.cpp:1512	Remote error message: unknown resource 157 op:2

(easyeffects:1278737): easyeffects-WARNING **: 15:03:34.094: 	pipe_manager.cpp:1511	Remote error res: No such file or directory

(easyeffects:1278737): easyeffects-WARNING **: 15:03:34.094: 	pipe_manager.cpp:1512	Remote error message: unknown resource 157 op:2

(easyeffects:1278737): easyeffects-WARNING **: 15:03:34.094: 	pipe_manager.cpp:1511	Remote error res: No such file or directory

(easyeffects:1278737): easyeffects-WARNING **: 15:03:34.094: 	pipe_manager.cpp:1512	Remote error message: unknown resource 157 op:2

(easyeffects:1278737): easyeffects-WARNING **: 15:03:34.094: 	pipe_manager.cpp:1511	Remote error res: No such file or directory

(easyeffects:1278737): easyeffects-WARNING **: 15:03:34.094: 	pipe_manager.cpp:1512	Remote error message: unknown resource 157 op:2
IDLE INHIBITED
IDLE INHIBITED
IDLE INHIBITED
IDLE INHIBITED
IDLE INHIBITED
IDLE INHIBITED
IDLE INHIBITED
IDLE INHIBITED
IDLE INHIBITED
IDLE INHIBITED
IDLE INHIBITED
IDLE INHIBITED
IDLE INHIBITED
IDLE INHIBITED
IDLE INHIBITED
IDLE INHIBITED
IDLE INHIBITED
IDLE INHIBITED
IDLE INHIBITED
IDLE INHIBITED
IDLE INHIBITED
IDLE INHIBITED
IDLE INHIBITED
IDLE INHIBITED
IDLE INHIBITED
IDLE INHIBITED
IDLE INHIBITED
IDLE INHIBITED
IDLE INHIBITED
IDLE INHIBITED
IDLE INHIBITED
IDLE INHIBITED
IDLE INHIBITED
IDLE INHIBITED
IDLE INHIBITED
IDLE INHIBITED
IDLE INHIBITED
IDLE INHIBITED
IDLE INHIBITED
IDLE INHIBITED
IDLE INHIBITED
IDLE INHIBITED
IDLE INHIBITED
IDLE INHIBITED
IDLE INHIBITED

(easyeffects:1278737): easyeffects-WARNING **: 15:03:34.229: 	pipe_manager.cpp:1511	Remote error res: No such file or directory

(easyeffects:1278737): easyeffects-WARNING **: 15:03:34.229: 	pipe_manager.cpp:1512	Remote error message: unknown resource 174 op:2

(easyeffects:1278737): easyeffects-WARNING **: 15:03:34.230: 	pipe_manager.cpp:1511	Remote error res: No such file or directory

(easyeffects:1278737): easyeffects-WARNING **: 15:03:34.230: 	pipe_manager.cpp:1512	Remote error message: unknown resource 174 op:2

(easyeffects:1278737): easyeffects-WARNING **: 15:03:34.230: 	pipe_manager.cpp:1511	Remote error res: No such file or directory

(easyeffects:1278737): easyeffects-WARNING **: 15:03:34.230: 	pipe_manager.cpp:1512	Remote error message: unknown resource 174 op:2

(easyeffects:1278737): easyeffects-WARNING **: 15:03:34.230: 	pipe_manager.cpp:1511	Remote error res: No such file or directory

(easyeffects:1278737): easyeffects-WARNING **: 15:03:34.230: 	pipe_manager.cpp:1512	Remote error message: unknown resource 174 op:2

(easyeffects:1278737): easyeffects-WARNING **: 15:03:34.230: 	pipe_manager.cpp:1511	Remote error res: No such file or directory

(easyeffects:1278737): easyeffects-WARNING **: 15:03:34.230: 	pipe_manager.cpp:1512	Remote error message: unknown resource 174 op:2

(easyeffects:1278737): easyeffects-WARNING **: 15:03:34.230: 	pipe_manager.cpp:1511	Remote error res: No such file or directory

(easyeffects:1278737): easyeffects-WARNING **: 15:03:34.230: 	pipe_manager.cpp:1512	Remote error message: unknown resource 174 op:2
IDLE INHIBITED
IDLE INHIBITED
IDLE INHIBITED
IDLE INHIBITED
IDLE INHIBITED
IDLE INHIBITED
IDLE INHIBITED
IDLE INHIBITED
IDLE INHIBITED
IDLE INHIBITED
IDLE INHIBITED
IDLE INHIBITED
IDLE INHIBITED
IDLE INHIBITED
IDLE INHIBITED
IDLE INHIBITED
NOT IDLE INHIBITED
NOT IDLE INHIBITED
IDLE INHIBITED
IDLE INHIBITED
NOT IDLE INHIBITED
NOT IDLE INHIBITED
NOT IDLE INHIBITED
NOT IDLE INHIBITED
NOT IDLE INHIBITED
NOT IDLE INHIBITED
NOT IDLE INHIBITED
NOT IDLE INHIBITED
NOT IDLE INHIBITED
NOT IDLE INHIBITED
IDLE INHIBITED
IDLE INHIBITED
IDLE INHIBITED
IDLE INHIBITED
IDLE INHIBITED
IDLE INHIBITED
IDLE INHIBITED
IDLE INHIBITED
IDLE INHIBITED
IDLE INHIBITED
IDLE INHIBITED
IDLE INHIBITED
IDLE INHIBITED
IDLE INHIBITED
IDLE INHIBITED
IDLE INHIBITED
IDLE INHIBITED
IDLE INHIBITED
IDLE INHIBITED
IDLE INHIBITED
IDLE INHIBITED
IDLE INHIBITED
IDLE INHIBITED
IDLE INHIBITED
IDLE INHIBITED
IDLE INHIBITED
IDLE INHIBITED
IDLE INHIBITED
IDLE INHIBITED
IDLE INHIBITED
IDLE INHIBITED
IDLE INHIBITED
IDLE INHIBITED
IDLE INHIBITED
IDLE INHIBITED
IDLE INHIBITED
IDLE INHIBITED
IDLE INHIBITED
IDLE INHIBITED
IDLE INHIBITED
IDLE INHIBITED
IDLE INHIBITED
IDLE INHIBITED
IDLE INHIBITED
IDLE INHIBITED
IDLE INHIBITED
IDLE INHIBITED
IDLE INHIBITED
IDLE INHIBITED
IDLE INHIBITED
IDLE INHIBITED
IDLE INHIBITED
IDLE INHIBITED
IDLE INHIBITED
IDLE INHIBITED
IDLE INHIBITED
IDLE INHIBITED
IDLE INHIBITED
IDLE INHIBITED
IDLE INHIBITED
IDLE INHIBITED
IDLE INHIBITED
IDLE INHIBITED
IDLE INHIBITED
IDLE INHIBITED
IDLE INHIBITED
IDLE INHIBITED
IDLE INHIBITED
IDLE INHIBITED
IDLE INHIBITED
IDLE INHIBITED
IDLE INHIBITED
IDLE INHIBITED
IDLE INHIBITED
IDLE INHIBITED
IDLE INHIBITED
IDLE INHIBITED
IDLE INHIBITED
IDLE INHIBITED
IDLE INHIBITED
IDLE INHIBITED
IDLE INHIBITED
IDLE INHIBITED
IDLE INHIBITED
IDLE INHIBITED
IDLE INHIBITED
IDLE INHIBITED
IDLE INHIBITED
IDLE INHIBITED
IDLE INHIBITED
IDLE INHIBITED
IDLE INHIBITED
IDLE INHIBITED
IDLE INHIBITED
IDLE INHIBITED
IDLE INHIBITED
IDLE INHIBITED
IDLE INHIBITED
IDLE INHIBITED
IDLE INHIBITED
IDLE INHIBITED
IDLE INHIBITED
IDLE INHIBITED
IDLE INHIBITED
IDLE INHIBITED
IDLE INHIBITED
IDLE INHIBITED
IDLE INHIBITED
IDLE INHIBITED
IDLE INHIBITED
IDLE INHIBITED
IDLE INHIBITED
IDLE INHIBITED
IDLE INHIBITED
IDLE INHIBITED
IDLE INHIBITED
IDLE INHIBITED
IDLE INHIBITED
IDLE INHIBITED
IDLE INHIBITED
IDLE INHIBITED
IDLE INHIBITED
IDLE INHIBITED
IDLE INHIBITED
IDLE INHIBITED
NOT IDLE INHIBITED
NOT IDLE INHIBITED
IDLE INHIBITED
IDLE INHIBITED
IDLE INHIBITED
IDLE INHIBITED
IDLE INHIBITED
IDLE INHIBITED
IDLE INHIBITED
IDLE INHIBITED
IDLE INHIBITED
IDLE INHIBITED
IDLE INHIBITED
IDLE INHIBITED
IDLE INHIBITED
IDLE INHIBITED
IDLE INHIBITED
IDLE INHIBITED
IDLE INHIBITED
IDLE INHIBITED
IDLE INHIBITED
IDLE INHIBITED
IDLE INHIBITED
IDLE INHIBITED
IDLE INHIBITED
IDLE INHIBITED
IDLE INHIBITED
IDLE INHIBITED
IDLE INHIBITED
IDLE INHIBITED
IDLE INHIBITED
IDLE INHIBITED
IDLE INHIBITED
IDLE INHIBITED
IDLE INHIBITED
IDLE INHIBITED
IDLE INHIBITED
IDLE INHIBITED
IDLE INHIBITED
IDLE INHIBITED
IDLE INHIBITED
IDLE INHIBITED
IDLE INHIBITED
IDLE INHIBITED
IDLE INHIBITED
IDLE INHIBITED
IDLE INHIBITED
IDLE INHIBITED
IDLE INHIBITED
IDLE INHIBITED
IDLE INHIBITED
IDLE INHIBITED
IDLE INHIBITED
IDLE INHIBITED
IDLE INHIBITED
IDLE INHIBITED
IDLE INHIBITED
IDLE INHIBITED
IDLE INHIBITED
IDLE INHIBITED
IDLE INHIBITED
IDLE INHIBITED
IDLE INHIBITED
IDLE INHIBITED
IDLE INHIBITED
IDLE INHIBITED
IDLE INHIBITED
IDLE INHIBITED
NOT IDLE INHIBITED
NOT IDLE INHIBITED
NOT IDLE INHIBITED
NOT IDLE INHIBITED
NOT IDLE INHIBITED
NOT IDLE INHIBITED
NOT IDLE INHIBITED
NOT IDLE INHIBITED
NOT IDLE INHIBITED
NOT IDLE INHIBITED
NOT IDLE INHIBITED
NOT IDLE INHIBITED
NOT IDLE INHIBITED
NOT IDLE INHIBITED
IDLE INHIBITED
IDLE INHIBITED
IDLE INHIBITED
IDLE INHIBITED
IDLE INHIBITED
IDLE INHIBITED
NOT IDLE INHIBITED
NOT IDLE INHIBITED
NOT IDLE INHIBITED
NOT IDLE INHIBITED
NOT IDLE INHIBITED
NOT IDLE INHIBITED
NOT IDLE INHIBITED
NOT IDLE INHIBITED
NOT IDLE INHIBITED
NOT IDLE INHIBITED
IDLE INHIBITED
IDLE INHIBITED
NOT IDLE INHIBITED
NOT IDLE INHIBITED
NOT IDLE INHIBITED
NOT IDLE INHIBITED
NOT IDLE INHIBITED
NOT IDLE INHIBITED
NOT IDLE INHIBITED
NOT IDLE INHIBITED
NOT IDLE INHIBITED
NOT IDLE INHIBITED
NOT IDLE INHIBITED
NOT IDLE INHIBITED
IDLE INHIBITED
IDLE INHIBITED
IDLE INHIBITED
IDLE INHIBITED
IDLE INHIBITED
IDLE INHIBITED
IDLE INHIBITED
IDLE INHIBITED
IDLE INHIBITED
IDLE INHIBITED
IDLE INHIBITED
IDLE INHIBITED
IDLE INHIBITED
IDLE INHIBITED
IDLE INHIBITED
IDLE INHIBITED
IDLE INHIBITED
IDLE INHIBITED
IDLE INHIBITED
IDLE INHIBITED
IDLE INHIBITED
IDLE INHIBITED
IDLE INHIBITED
IDLE INHIBITED
IDLE INHIBITED
IDLE INHIBITED
IDLE INHIBITED
IDLE INHIBITED
IDLE INHIBITED
IDLE INHIBITED
IDLE INHIBITED
IDLE INHIBITED
IDLE INHIBITED
IDLE INHIBITED
IDLE INHIBITED
IDLE INHIBITED
IDLE INHIBITED
IDLE INHIBITED
IDLE INHIBITED
IDLE INHIBITED
IDLE INHIBITED
IDLE INHIBITED
IDLE INHIBITED
IDLE INHIBITED
IDLE INHIBITED
IDLE INHIBITED
IDLE INHIBITED
IDLE INHIBITED
IDLE INHIBITED
IDLE INHIBITED
IDLE INHIBITED
IDLE INHIBITED
IDLE INHIBITED
IDLE INHIBITED
IDLE INHIBITED
IDLE INHIBITED
IDLE INHIBITED
IDLE INHIBITED
IDLE INHIBITED
IDLE INHIBITED
IDLE INHIBITED
IDLE INHIBITED
IDLE INHIBITED
IDLE INHIBITED
IDLE INHIBITED
IDLE INHIBITED
IDLE INHIBITED
IDLE INHIBITED
IDLE INHIBITED
IDLE INHIBITED
IDLE INHIBITED
IDLE INHIBITED
IDLE INHIBITED
IDLE INHIBITED
IDLE INHIBITED
IDLE INHIBITED
IDLE INHIBITED
IDLE INHIBITED
IDLE INHIBITED
IDLE INHIBITED
IDLE INHIBITED
IDLE INHIBITED
IDLE INHIBITED
IDLE INHIBITED
IDLE INHIBITED
IDLE INHIBITED
IDLE INHIBITED
IDLE INHIBITED
IDLE INHIBITED
IDLE INHIBITED
IDLE INHIBITED
IDLE INHIBITED
IDLE INHIBITED
IDLE INHIBITED
IDLE INHIBITED
IDLE INHIBITED
IDLE INHIBITED
IDLE INHIBITED
IDLE INHIBITED
IDLE INHIBITED
IDLE INHIBITED
IDLE INHIBITED
IDLE INHIBITED
IDLE INHIBITED
IDLE INHIBITED
IDLE INHIBITED
IDLE INHIBITED
IDLE INHIBITED
IDLE INHIBITED
IDLE INHIBITED
IDLE INHIBITED
IDLE INHIBITED
IDLE INHIBITED
IDLE INHIBITED
IDLE INHIBITED
IDLE INHIBITED
IDLE INHIBITED
IDLE INHIBITED
IDLE INHIBITED
IDLE INHIBITED
IDLE INHIBITED
IDLE INHIBITED
IDLE INHIBITED
IDLE INHIBITED
IDLE INHIBITED
IDLE INHIBITED
IDLE INHIBITED
IDLE INHIBITED
IDLE INHIBITED
IDLE INHIBITED
IDLE INHIBITED
IDLE INHIBITED
IDLE INHIBITED
IDLE INHIBITED
IDLE INHIBITED
IDLE INHIBITED
IDLE INHIBITED
IDLE INHIBITED
IDLE INHIBITED
IDLE INHIBITED
IDLE INHIBITED
IDLE INHIBITED
IDLE INHIBITED
IDLE INHIBITED
IDLE INHIBITED
IDLE INHIBITED
IDLE INHIBITED
IDLE INHIBITED
IDLE INHIBITED
IDLE INHIBITED
IDLE INHIBITED
IDLE INHIBITED
IDLE INHIBITED
IDLE INHIBITED
IDLE INHIBITED
IDLE INHIBITED
IDLE INHIBITED
IDLE INHIBITED
IDLE INHIBITED
IDLE INHIBITED
IDLE INHIBITED
IDLE INHIBITED
IDLE INHIBITED
IDLE INHIBITED
IDLE INHIBITED
IDLE INHIBITED
IDLE INHIBITED
IDLE INHIBITED
IDLE INHIBITED
IDLE INHIBITED
IDLE INHIBITED
IDLE INHIBITED
IDLE INHIBITED
IDLE INHIBITED
IDLE INHIBITED
IDLE INHIBITED
IDLE INHIBITED
IDLE INHIBITED
IDLE INHIBITED
IDLE INHIBITED
IDLE INHIBITED
IDLE INHIBITED
IDLE INHIBITED
IDLE INHIBITED
IDLE INHIBITED
IDLE INHIBITED
IDLE INHIBITED
IDLE INHIBITED
IDLE INHIBITED
IDLE INHIBITED
IDLE INHIBITED
IDLE INHIBITED
IDLE INHIBITED
IDLE INHIBITED
IDLE INHIBITED
IDLE INHIBITED
IDLE INHIBITED
IDLE INHIBITED
IDLE INHIBITED
IDLE INHIBITED
IDLE INHIBITED
IDLE INHIBITED
IDLE INHIBITED
IDLE INHIBITED
IDLE INHIBITED
IDLE INHIBITED
IDLE INHIBITED
IDLE INHIBITED
IDLE INHIBITED
IDLE INHIBITED
IDLE INHIBITED
IDLE INHIBITED
IDLE INHIBITED
IDLE INHIBITED
IDLE INHIBITED
IDLE INHIBITED
IDLE INHIBITED
IDLE INHIBITED
IDLE INHIBITED
IDLE INHIBITED
IDLE INHIBITED
IDLE INHIBITED
IDLE INHIBITED
IDLE INHIBITED
IDLE INHIBITED
IDLE INHIBITED
IDLE INHIBITED
IDLE INHIBITED
IDLE INHIBITED
IDLE INHIBITED
IDLE INHIBITED
IDLE INHIBITED
IDLE INHIBITED
IDLE INHIBITED
IDLE INHIBITED
IDLE INHIBITED
IDLE INHIBITED
IDLE INHIBITED
IDLE INHIBITED
IDLE INHIBITED
IDLE INHIBITED
IDLE INHIBITED
IDLE INHIBITED
IDLE INHIBITED
IDLE INHIBITED
IDLE INHIBITED
IDLE INHIBITED
IDLE INHIBITED
IDLE INHIBITED
IDLE INHIBITED
IDLE INHIBITED
IDLE INHIBITED
IDLE INHIBITED
IDLE INHIBITED
IDLE INHIBITED
IDLE INHIBITED
IDLE INHIBITED
IDLE INHIBITED
IDLE INHIBITED
IDLE INHIBITED
IDLE INHIBITED
IDLE INHIBITED
IDLE INHIBITED
IDLE INHIBITED
IDLE INHIBITED
IDLE INHIBITED
IDLE INHIBITED
IDLE INHIBITED
IDLE INHIBITED
IDLE INHIBITED
IDLE INHIBITED
IDLE INHIBITED
IDLE INHIBITED
IDLE INHIBITED
IDLE INHIBITED
IDLE INHIBITED
IDLE INHIBITED
IDLE INHIBITED
IDLE INHIBITED
IDLE INHIBITED
IDLE INHIBITED
IDLE INHIBITED
IDLE INHIBITED
IDLE INHIBITED
IDLE INHIBITED
IDLE INHIBITED
IDLE INHIBITED
IDLE INHIBITED
IDLE INHIBITED
IDLE INHIBITED
IDLE INHIBITED
IDLE INHIBITED
IDLE INHIBITED
IDLE INHIBITED
IDLE INHIBITED
IDLE INHIBITED
IDLE INHIBITED
IDLE INHIBITED
IDLE INHIBITED
IDLE INHIBITED
IDLE INHIBITED
IDLE INHIBITED
IDLE INHIBITED
IDLE INHIBITED
IDLE INHIBITED
IDLE INHIBITED
IDLE INHIBITED
IDLE INHIBITED
IDLE INHIBITED
IDLE INHIBITED
IDLE INHIBITED
IDLE INHIBITED
IDLE INHIBITED
IDLE INHIBITED
IDLE INHIBITED
IDLE INHIBITED
IDLE INHIBITED
IDLE INHIBITED
IDLE INHIBITED
IDLE INHIBITED
IDLE INHIBITED
IDLE INHIBITED
IDLE INHIBITED
IDLE INHIBITED
IDLE INHIBITED
IDLE INHIBITED
IDLE INHIBITED
IDLE INHIBITED
IDLE INHIBITED
IDLE INHIBITED
IDLE INHIBITED
IDLE INHIBITED
IDLE INHIBITED
IDLE INHIBITED
IDLE INHIBITED
IDLE INHIBITED
IDLE INHIBITED
IDLE INHIBITED
IDLE INHIBITED
IDLE INHIBITED
IDLE INHIBITED
IDLE INHIBITED
IDLE INHIBITED
IDLE INHIBITED
IDLE INHIBITED
IDLE INHIBITED
IDLE INHIBITED
IDLE INHIBITED
IDLE INHIBITED
IDLE INHIBITED
IDLE INHIBITED
IDLE INHIBITED
IDLE INHIBITED
IDLE INHIBITED
IDLE INHIBITED
IDLE INHIBITED
IDLE INHIBITED
IDLE INHIBITED
IDLE INHIBITED
IDLE INHIBITED
IDLE INHIBITED
IDLE INHIBITED
IDLE INHIBITED
IDLE INHIBITED
IDLE INHIBITED
IDLE INHIBITED
IDLE INHIBITED
IDLE INHIBITED
IDLE INHIBITED
IDLE INHIBITED
IDLE INHIBITED
IDLE INHIBITED
IDLE INHIBITED
IDLE INHIBITED
IDLE INHIBITED
IDLE INHIBITED
IDLE INHIBITED
IDLE INHIBITED
IDLE INHIBITED
IDLE INHIBITED
IDLE INHIBITED
IDLE INHIBITED
IDLE INHIBITED
IDLE INHIBITED
IDLE INHIBITED
IDLE INHIBITED
IDLE INHIBITED
IDLE INHIBITED
IDLE INHIBITED
IDLE INHIBITED
IDLE INHIBITED
IDLE INHIBITED
IDLE INHIBITED
IDLE INHIBITED
IDLE INHIBITED
IDLE INHIBITED
IDLE INHIBITED
IDLE INHIBITED
IDLE INHIBITED
IDLE INHIBITED
IDLE INHIBITED
IDLE INHIBITED
IDLE INHIBITED
IDLE INHIBITED
IDLE INHIBITED
IDLE INHIBITED
IDLE INHIBITED
IDLE INHIBITED
IDLE INHIBITED
IDLE INHIBITED
IDLE INHIBITED
IDLE INHIBITED
IDLE INHIBITED
IDLE INHIBITED
IDLE INHIBITED
IDLE INHIBITED
IDLE INHIBITED
IDLE INHIBITED
IDLE INHIBITED
IDLE INHIBITED
IDLE INHIBITED
IDLE INHIBITED
IDLE INHIBITED
IDLE INHIBITED
IDLE INHIBITED
IDLE INHIBITED
IDLE INHIBITED
IDLE INHIBITED
IDLE INHIBITED
IDLE INHIBITED
IDLE INHIBITED
IDLE INHIBITED
IDLE INHIBITED
IDLE INHIBITED
IDLE INHIBITED
IDLE INHIBITED
IDLE INHIBITED
IDLE INHIBITED
IDLE INHIBITED
IDLE INHIBITED
IDLE INHIBITED
IDLE INHIBITED
IDLE INHIBITED
IDLE INHIBITED
IDLE INHIBITED
IDLE INHIBITED
IDLE INHIBITED
IDLE INHIBITED
IDLE INHIBITED
IDLE INHIBITED
IDLE INHIBITED
IDLE INHIBITED
IDLE INHIBITED
IDLE INHIBITED
IDLE INHIBITED
IDLE INHIBITED
IDLE INHIBITED
IDLE INHIBITED
IDLE INHIBITED
IDLE INHIBITED
IDLE INHIBITED
IDLE INHIBITED
IDLE INHIBITED
IDLE INHIBITED
IDLE INHIBITED
IDLE INHIBITED
IDLE INHIBITED
IDLE INHIBITED
IDLE INHIBITED
IDLE INHIBITED
IDLE INHIBITED
IDLE INHIBITED
IDLE INHIBITED
IDLE INHIBITED
IDLE INHIBITED
IDLE INHIBITED
IDLE INHIBITED
IDLE INHIBITED
IDLE INHIBITED
IDLE INHIBITED
IDLE INHIBITED
IDLE INHIBITED
IDLE INHIBITED
IDLE INHIBITED
IDLE INHIBITED
IDLE INHIBITED
IDLE INHIBITED
IDLE INHIBITED
IDLE INHIBITED
IDLE INHIBITED
IDLE INHIBITED
IDLE INHIBITED
IDLE INHIBITED
IDLE INHIBITED
IDLE INHIBITED
IDLE INHIBITED
IDLE INHIBITED
IDLE INHIBITED
IDLE INHIBITED
IDLE INHIBITED
IDLE INHIBITED
IDLE INHIBITED
IDLE INHIBITED
IDLE INHIBITED
IDLE INHIBITED
IDLE INHIBITED
IDLE INHIBITED
IDLE INHIBITED
IDLE INHIBITED
IDLE INHIBITED
IDLE INHIBITED
IDLE INHIBITED
IDLE INHIBITED
IDLE INHIBITED
IDLE INHIBITED
IDLE INHIBITED
IDLE INHIBITED
IDLE INHIBITED
IDLE INHIBITED
IDLE INHIBITED
IDLE INHIBITED
IDLE INHIBITED
IDLE INHIBITED
IDLE INHIBITED
IDLE INHIBITED
IDLE INHIBITED
IDLE INHIBITED
IDLE INHIBITED
IDLE INHIBITED
IDLE INHIBITED
IDLE INHIBITED
IDLE INHIBITED
IDLE INHIBITED
IDLE INHIBITED
IDLE INHIBITED
IDLE INHIBITED
IDLE INHIBITED
IDLE INHIBITED
IDLE INHIBITED
IDLE INHIBITED
IDLE INHIBITED
IDLE INHIBITED
IDLE INHIBITED
IDLE INHIBITED
IDLE INHIBITED
IDLE INHIBITED
IDLE INHIBITED
IDLE INHIBITED
IDLE INHIBITED
IDLE INHIBITED
IDLE INHIBITED
IDLE INHIBITED
IDLE INHIBITED
IDLE INHIBITED
IDLE INHIBITED
IDLE INHIBITED
IDLE INHIBITED
IDLE INHIBITED
IDLE INHIBITED
IDLE INHIBITED
IDLE INHIBITED
IDLE INHIBITED
IDLE INHIBITED
IDLE INHIBITED
IDLE INHIBITED
IDLE INHIBITED
IDLE INHIBITED
IDLE INHIBITED
IDLE INHIBITED
IDLE INHIBITED
IDLE INHIBITED
IDLE INHIBITED
IDLE INHIBITED
IDLE INHIBITED
IDLE INHIBITED
IDLE INHIBITED
IDLE INHIBITED
IDLE INHIBITED
IDLE INHIBITED
IDLE INHIBITED
IDLE INHIBITED
IDLE INHIBITED
IDLE INHIBITED
IDLE INHIBITED
IDLE INHIBITED
IDLE INHIBITED
IDLE INHIBITED
IDLE INHIBITED
IDLE INHIBITED
IDLE INHIBITED
IDLE INHIBITED
IDLE INHIBITED
IDLE INHIBITED
IDLE INHIBITED
IDLE INHIBITED
IDLE INHIBITED
IDLE INHIBITED
IDLE INHIBITED
IDLE INHIBITED
IDLE INHIBITED
IDLE INHIBITED
IDLE INHIBITED
IDLE INHIBITED
IDLE INHIBITED
IDLE INHIBITED
IDLE INHIBITED
IDLE INHIBITED
IDLE INHIBITED
IDLE INHIBITED
IDLE INHIBITED
IDLE INHIBITED
IDLE INHIBITED
IDLE INHIBITED
IDLE INHIBITED
IDLE INHIBITED
IDLE INHIBITED
IDLE INHIBITED
IDLE INHIBITED
IDLE INHIBITED
IDLE INHIBITED
IDLE INHIBITED
IDLE INHIBITED
IDLE INHIBITED
IDLE INHIBITED
IDLE INHIBITED
IDLE INHIBITED
IDLE INHIBITED
IDLE INHIBITED
IDLE INHIBITED
IDLE INHIBITED
IDLE INHIBITED
IDLE INHIBITED
IDLE INHIBITED
IDLE INHIBITED
IDLE INHIBITED
IDLE INHIBITED
IDLE INHIBITED
IDLE INHIBITED
IDLE INHIBITED
IDLE INHIBITED
IDLE INHIBITED
IDLE INHIBITED
IDLE INHIBITED
IDLE INHIBITED
IDLE INHIBITED
IDLE INHIBITED
IDLE INHIBITED
IDLE INHIBITED
IDLE INHIBITED
IDLE INHIBITED
IDLE INHIBITED
IDLE INHIBITED
IDLE INHIBITED
IDLE INHIBITED
IDLE INHIBITED
IDLE INHIBITED
IDLE INHIBITED
IDLE INHIBITED
IDLE INHIBITED
IDLE INHIBITED
IDLE INHIBITED
IDLE INHIBITED
IDLE INHIBITED
IDLE INHIBITED
IDLE INHIBITED
IDLE INHIBITED
IDLE INHIBITED
IDLE INHIBITED
IDLE INHIBITED
IDLE INHIBITED
IDLE INHIBITED
IDLE INHIBITED
IDLE INHIBITED
IDLE INHIBITED
IDLE INHIBITED
IDLE INHIBITED
IDLE INHIBITED
IDLE INHIBITED
IDLE INHIBITED
IDLE INHIBITED
IDLE INHIBITED
IDLE INHIBITED
IDLE INHIBITED
IDLE INHIBITED
IDLE INHIBITED
IDLE INHIBITED
IDLE INHIBITED
IDLE INHIBITED
IDLE INHIBITED
IDLE INHIBITED
IDLE INHIBITED
IDLE INHIBITED
IDLE INHIBITED
IDLE INHIBITED
IDLE INHIBITED
IDLE INHIBITED
IDLE INHIBITED
IDLE INHIBITED
IDLE INHIBITED
IDLE INHIBITED
IDLE INHIBITED
IDLE INHIBITED
IDLE INHIBITED
IDLE INHIBITED
IDLE INHIBITED
IDLE INHIBITED
IDLE INHIBITED
IDLE INHIBITED
IDLE INHIBITED
IDLE INHIBITED
IDLE INHIBITED
IDLE INHIBITED
IDLE INHIBITED
IDLE INHIBITED
IDLE INHIBITED
IDLE INHIBITED
IDLE INHIBITED
IDLE INHIBITED
IDLE INHIBITED
IDLE INHIBITED
IDLE INHIBITED
IDLE INHIBITED
IDLE INHIBITED
IDLE INHIBITED
IDLE INHIBITED
IDLE INHIBITED
IDLE INHIBITED
IDLE INHIBITED
IDLE INHIBITED
IDLE INHIBITED
IDLE INHIBITED
IDLE INHIBITED
IDLE INHIBITED
IDLE INHIBITED
IDLE INHIBITED
IDLE INHIBITED
IDLE INHIBITED
IDLE INHIBITED
IDLE INHIBITED
IDLE INHIBITED
IDLE INHIBITED
IDLE INHIBITED
IDLE INHIBITED
IDLE INHIBITED
IDLE INHIBITED
IDLE INHIBITED
IDLE INHIBITED
IDLE INHIBITED
IDLE INHIBITED
IDLE INHIBITED
IDLE INHIBITED
IDLE INHIBITED
IDLE INHIBITED
IDLE INHIBITED
IDLE INHIBITED
IDLE INHIBITED
IDLE INHIBITED
IDLE INHIBITED
IDLE INHIBITED
IDLE INHIBITED
IDLE INHIBITED
IDLE INHIBITED
IDLE INHIBITED
IDLE INHIBITED
IDLE INHIBITED
IDLE INHIBITED
IDLE INHIBITED
IDLE INHIBITED
IDLE INHIBITED
IDLE INHIBITED
IDLE INHIBITED
IDLE INHIBITED
IDLE INHIBITED
IDLE INHIBITED
IDLE INHIBITED
IDLE INHIBITED
IDLE INHIBITED
IDLE INHIBITED
IDLE INHIBITED
IDLE INHIBITED
IDLE INHIBITED
IDLE INHIBITED
IDLE INHIBITED
IDLE INHIBITED
IDLE INHIBITED
IDLE INHIBITED
IDLE INHIBITED
IDLE INHIBITED
IDLE INHIBITED
IDLE INHIBITED
IDLE INHIBITED
IDLE INHIBITED
IDLE INHIBITED
IDLE INHIBITED
IDLE INHIBITED
IDLE INHIBITED
IDLE INHIBITED
IDLE INHIBITED
IDLE INHIBITED
IDLE INHIBITED
IDLE INHIBITED
IDLE INHIBITED
IDLE INHIBITED
IDLE INHIBITED
IDLE INHIBITED
IDLE INHIBITED
IDLE INHIBITED
IDLE INHIBITED
IDLE INHIBITED
IDLE INHIBITED
IDLE INHIBITED
IDLE INHIBITED
IDLE INHIBITED
IDLE INHIBITED
IDLE INHIBITED
IDLE INHIBITED
IDLE INHIBITED
IDLE INHIBITED
IDLE INHIBITED
IDLE INHIBITED
IDLE INHIBITED
IDLE INHIBITED
IDLE INHIBITED
IDLE INHIBITED
IDLE INHIBITED
IDLE INHIBITED
IDLE INHIBITED
IDLE INHIBITED
IDLE INHIBITED
IDLE INHIBITED
IDLE INHIBITED
IDLE INHIBITED
IDLE INHIBITED
IDLE INHIBITED
IDLE INHIBITED
IDLE INHIBITED
IDLE INHIBITED
IDLE INHIBITED
IDLE INHIBITED
IDLE INHIBITED
IDLE INHIBITED
IDLE INHIBITED
IDLE INHIBITED
IDLE INHIBITED
IDLE INHIBITED
IDLE INHIBITED
IDLE INHIBITED
IDLE INHIBITED
IDLE INHIBITED
IDLE INHIBITED
IDLE INHIBITED
IDLE INHIBITED
IDLE INHIBITED
IDLE INHIBITED
IDLE INHIBITED
IDLE INHIBITED
IDLE INHIBITED
IDLE INHIBITED
IDLE INHIBITED
IDLE INHIBITED
IDLE INHIBITED
IDLE INHIBITED
IDLE INHIBITED
IDLE INHIBITED
IDLE INHIBITED
IDLE INHIBITED
IDLE INHIBITED
IDLE INHIBITED
IDLE INHIBITED
IDLE INHIBITED
IDLE INHIBITED
IDLE INHIBITED
IDLE INHIBITED
IDLE INHIBITED
IDLE INHIBITED
IDLE INHIBITED
IDLE INHIBITED
IDLE INHIBITED
IDLE INHIBITED
IDLE INHIBITED
IDLE INHIBITED
IDLE INHIBITED
IDLE INHIBITED
IDLE INHIBITED
IDLE INHIBITED
IDLE INHIBITED
IDLE INHIBITED
IDLE INHIBITED
IDLE INHIBITED
IDLE INHIBITED
IDLE INHIBITED
IDLE INHIBITED
IDLE INHIBITED
IDLE INHIBITED
IDLE INHIBITED
IDLE INHIBITED
IDLE INHIBITED
IDLE INHIBITED
IDLE INHIBITED
IDLE INHIBITED
IDLE INHIBITED
IDLE INHIBITED
IDLE INHIBITED
IDLE INHIBITED
IDLE INHIBITED
IDLE INHIBITED
IDLE INHIBITED
IDLE INHIBITED
IDLE INHIBITED
IDLE INHIBITED
IDLE INHIBITED
IDLE INHIBITED
IDLE INHIBITED
IDLE INHIBITED
IDLE INHIBITED
IDLE INHIBITED
IDLE INHIBITED
IDLE INHIBITED
IDLE INHIBITED
IDLE INHIBITED
IDLE INHIBITED
IDLE INHIBITED
IDLE INHIBITED
IDLE INHIBITED
IDLE INHIBITED
IDLE INHIBITED
IDLE INHIBITED
IDLE INHIBITED
IDLE INHIBITED
IDLE INHIBITED
IDLE INHIBITED
IDLE INHIBITED
IDLE INHIBITED
IDLE INHIBITED
IDLE INHIBITED
IDLE INHIBITED
IDLE INHIBITED
IDLE INHIBITED
IDLE INHIBITED
IDLE INHIBITED
IDLE INHIBITED
IDLE INHIBITED
IDLE INHIBITED
IDLE INHIBITED
IDLE INHIBITED
IDLE INHIBITED
IDLE INHIBITED
IDLE INHIBITED
IDLE INHIBITED
IDLE INHIBITED
IDLE INHIBITED
IDLE INHIBITED
IDLE INHIBITED
IDLE INHIBITED
IDLE INHIBITED
IDLE INHIBITED
IDLE INHIBITED
IDLE INHIBITED
IDLE INHIBITED
IDLE INHIBITED
IDLE INHIBITED
IDLE INHIBITED
IDLE INHIBITED
IDLE INHIBITED
IDLE INHIBITED
IDLE INHIBITED
IDLE INHIBITED
IDLE INHIBITED
IDLE INHIBITED
IDLE INHIBITED
IDLE INHIBITED
IDLE INHIBITED
IDLE INHIBITED
IDLE INHIBITED
IDLE INHIBITED
IDLE INHIBITED
IDLE INHIBITED
IDLE INHIBITED
IDLE INHIBITED
IDLE INHIBITED
IDLE INHIBITED
IDLE INHIBITED
IDLE INHIBITED
IDLE INHIBITED
IDLE INHIBITED
IDLE INHIBITED
IDLE INHIBITED
IDLE INHIBITED
IDLE INHIBITED
IDLE INHIBITED
IDLE INHIBITED
IDLE INHIBITED
IDLE INHIBITED
IDLE INHIBITED
IDLE INHIBITED
IDLE INHIBITED
IDLE INHIBITED
IDLE INHIBITED
IDLE INHIBITED
IDLE INHIBITED
IDLE INHIBITED
IDLE INHIBITED
IDLE INHIBITED
IDLE INHIBITED
IDLE INHIBITED
IDLE INHIBITED
IDLE INHIBITED
IDLE INHIBITED
IDLE INHIBITED
IDLE INHIBITED
IDLE INHIBITED
IDLE INHIBITED
IDLE INHIBITED
IDLE INHIBITED
IDLE INHIBITED
IDLE INHIBITED
IDLE INHIBITED
IDLE INHIBITED
IDLE INHIBITED
IDLE INHIBITED
IDLE INHIBITED
IDLE INHIBITED
IDLE INHIBITED
IDLE INHIBITED
IDLE INHIBITED
IDLE INHIBITED
IDLE INHIBITED
IDLE INHIBITED
IDLE INHIBITED
IDLE INHIBITED
IDLE INHIBITED
IDLE INHIBITED
IDLE INHIBITED
IDLE INHIBITED
IDLE INHIBITED
IDLE INHIBITED
IDLE INHIBITED
IDLE INHIBITED
IDLE INHIBITED
IDLE INHIBITED
IDLE INHIBITED
IDLE INHIBITED
IDLE INHIBITED
IDLE INHIBITED
IDLE INHIBITED
IDLE INHIBITED
IDLE INHIBITED
IDLE INHIBITED
IDLE INHIBITED
IDLE INHIBITED
IDLE INHIBITED
IDLE INHIBITED
IDLE INHIBITED
IDLE INHIBITED
IDLE INHIBITED
IDLE INHIBITED
IDLE INHIBITED
IDLE INHIBITED
IDLE INHIBITED
IDLE INHIBITED
IDLE INHIBITED
IDLE INHIBITED
IDLE INHIBITED
IDLE INHIBITED
IDLE INHIBITED
IDLE INHIBITED
IDLE INHIBITED
IDLE INHIBITED
IDLE INHIBITED
IDLE INHIBITED
IDLE INHIBITED
IDLE INHIBITED
IDLE INHIBITED
IDLE INHIBITED
IDLE INHIBITED
IDLE INHIBITED
IDLE INHIBITED
IDLE INHIBITED
IDLE INHIBITED
IDLE INHIBITED
IDLE INHIBITED
IDLE INHIBITED
IDLE INHIBITED
IDLE INHIBITED
IDLE INHIBITED
IDLE INHIBITED
IDLE INHIBITED
IDLE INHIBITED
IDLE INHIBITED
IDLE INHIBITED
IDLE INHIBITED
IDLE INHIBITED
IDLE INHIBITED
IDLE INHIBITED
IDLE INHIBITED
IDLE INHIBITED
IDLE INHIBITED
IDLE INHIBITED
IDLE INHIBITED
IDLE INHIBITED
IDLE INHIBITED
IDLE INHIBITED
IDLE INHIBITED
IDLE INHIBITED
IDLE INHIBITED
IDLE INHIBITED
IDLE INHIBITED
IDLE INHIBITED
IDLE INHIBITED
IDLE INHIBITED
IDLE INHIBITED
IDLE INHIBITED
IDLE INHIBITED
IDLE INHIBITED
IDLE INHIBITED
IDLE INHIBITED
IDLE INHIBITED
IDLE INHIBITED
IDLE INHIBITED
IDLE INHIBITED
IDLE INHIBITED
IDLE INHIBITED
IDLE INHIBITED
IDLE INHIBITED
IDLE INHIBITED
IDLE INHIBITED
IDLE INHIBITED
IDLE INHIBITED
IDLE INHIBITED
IDLE INHIBITED
IDLE INHIBITED
IDLE INHIBITED
IDLE INHIBITED
IDLE INHIBITED
IDLE INHIBITED
IDLE INHIBITED
IDLE INHIBITED
IDLE INHIBITED
IDLE INHIBITED
IDLE INHIBITED
IDLE INHIBITED
IDLE INHIBITED
IDLE INHIBITED
IDLE INHIBITED
IDLE INHIBITED
IDLE INHIBITED
IDLE INHIBITED
IDLE INHIBITED
IDLE INHIBITED
IDLE INHIBITED
IDLE INHIBITED
IDLE INHIBITED
IDLE INHIBITED
IDLE INHIBITED
IDLE INHIBITED
IDLE INHIBITED
IDLE INHIBITED
IDLE INHIBITED
IDLE INHIBITED
IDLE INHIBITED
IDLE INHIBITED
IDLE INHIBITED
IDLE INHIBITED
IDLE INHIBITED
IDLE INHIBITED
IDLE INHIBITED
IDLE INHIBITED
IDLE INHIBITED
IDLE INHIBITED
IDLE INHIBITED
IDLE INHIBITED
IDLE INHIBITED
IDLE INHIBITED
IDLE INHIBITED
IDLE INHIBITED
IDLE INHIBITED
IDLE INHIBITED
IDLE INHIBITED
IDLE INHIBITED
IDLE INHIBITED
IDLE INHIBITED
IDLE INHIBITED
IDLE INHIBITED
IDLE INHIBITED
IDLE INHIBITED
IDLE INHIBITED
IDLE INHIBITED
IDLE INHIBITED
IDLE INHIBITED
IDLE INHIBITED
IDLE INHIBITED
IDLE INHIBITED
IDLE INHIBITED
IDLE INHIBITED
IDLE INHIBITED
IDLE INHIBITED
IDLE INHIBITED
IDLE INHIBITED
IDLE INHIBITED
IDLE INHIBITED
IDLE INHIBITED
IDLE INHIBITED
IDLE INHIBITED
IDLE INHIBITED
IDLE INHIBITED
IDLE INHIBITED
IDLE INHIBITED
IDLE INHIBITED
IDLE INHIBITED
IDLE INHIBITED
IDLE INHIBITED
IDLE INHIBITED
IDLE INHIBITED
IDLE INHIBITED
IDLE INHIBITED
IDLE INHIBITED
IDLE INHIBITED
IDLE INHIBITED
IDLE INHIBITED
IDLE INHIBITED
IDLE INHIBITED
IDLE INHIBITED
IDLE INHIBITED
IDLE INHIBITED
IDLE INHIBITED
IDLE INHIBITED
IDLE INHIBITED
IDLE INHIBITED
IDLE INHIBITED
IDLE INHIBITED
IDLE INHIBITED
IDLE INHIBITED
IDLE INHIBITED
IDLE INHIBITED
IDLE INHIBITED
IDLE INHIBITED
IDLE INHIBITED
IDLE INHIBITED
IDLE INHIBITED
IDLE INHIBITED
IDLE INHIBITED
IDLE INHIBITED
IDLE INHIBITED
IDLE INHIBITED
IDLE INHIBITED
IDLE INHIBITED
IDLE INHIBITED
IDLE INHIBITED
IDLE INHIBITED
IDLE INHIBITED
IDLE INHIBITED
IDLE INHIBITED
IDLE INHIBITED
IDLE INHIBITED
IDLE INHIBITED
IDLE INHIBITED
IDLE INHIBITED
IDLE INHIBITED
IDLE INHIBITED
IDLE INHIBITED
IDLE INHIBITED
IDLE INHIBITED
IDLE INHIBITED
IDLE INHIBITED
IDLE INHIBITED
IDLE INHIBITED
IDLE INHIBITED
IDLE INHIBITED
IDLE INHIBITED
IDLE INHIBITED
IDLE INHIBITED
IDLE INHIBITED
IDLE INHIBITED
IDLE INHIBITED
IDLE INHIBITED
IDLE INHIBITED
IDLE INHIBITED
IDLE INHIBITED
IDLE INHIBITED
IDLE INHIBITED
IDLE INHIBITED
IDLE INHIBITED
IDLE INHIBITED
IDLE INHIBITED
IDLE INHIBITED
IDLE INHIBITED
IDLE INHIBITED
IDLE INHIBITED
IDLE INHIBITED
IDLE INHIBITED
IDLE INHIBITED
IDLE INHIBITED
IDLE INHIBITED
IDLE INHIBITED
IDLE INHIBITED
IDLE INHIBITED
IDLE INHIBITED
IDLE INHIBITED
IDLE INHIBITED
IDLE INHIBITED
IDLE INHIBITED
IDLE INHIBITED
IDLE INHIBITED
IDLE INHIBITED
IDLE INHIBITED
IDLE INHIBITED
IDLE INHIBITED
IDLE INHIBITED
IDLE INHIBITED
IDLE INHIBITED
IDLE INHIBITED
IDLE INHIBITED
IDLE INHIBITED
IDLE INHIBITED
IDLE INHIBITED
